<?xml version="1.0" encoding="UTF-8"?>
<!-- Generated by org.testng.reporters.JUnitXMLReporter -->
<testsuite hostname="muji-pc" ignored="0" name="Default test" tests="7" failures="0" timestamp="28 三月 2020 03:31:32 GMT" time="2.592" errors="0">
  <testcase name="test" time="1.52" classname="com.lemon.cases.RegisterCase"/>
  <testcase name="test" time="0.061" classname="com.lemon.cases.RegisterCase"/>
  <testcase name="test" time="0.053" classname="com.lemon.cases.RegisterCase"/>
  <testcase name="test" time="0.049" classname="com.lemon.cases.RegisterCase"/>
  <testcase name="test" time="0.074" classname="com.lemon.cases.RegisterCase"/>
  <testcase name="test" time="0.06" classname="com.lemon.cases.RegisterCase"/>
  <testcase name="test" time="0.361" classname="com.lemon.cases.RegisterCase"/>
</testsuite> <!-- Default test -->
