<?xml version="1.0" encoding="UTF-8"?>
<!-- Generated by org.testng.reporters.JUnitXMLReporter -->
<testsuite hostname="muji-pc" ignored="4" name="用户模块" tests="16" failures="0" timestamp="14 四月 2020 14:14:05 GMT" time="5.658" errors="0">
  <testcase name="test" time="1.595" classname="com.lemon.cases.RegisterCase"/>
  <testcase name="test" time="0.101" classname="com.lemon.cases.RegisterCase"/>
  <testcase name="test" time="0.115" classname="com.lemon.cases.RegisterCase"/>
  <testcase name="test" time="0.11" classname="com.lemon.cases.RegisterCase"/>
  <testcase name="test" time="1.331" classname="com.lemon.cases.RegisterCase"/>
  <testcase name="test" time="0.111" classname="com.lemon.cases.RegisterCase"/>
  <testcase name="test" time="0.267" classname="com.lemon.cases.LoginCase"/>
  <testcase name="test" time="0.095" classname="com.lemon.cases.LoginCase"/>
  <testcase name="test" time="0.271" classname="com.lemon.cases.LoginCase"/>
  <testcase name="test" time="0.28" classname="com.lemon.cases.LoginCase"/>
  <testcase name="test" time="0.277" classname="com.lemon.cases.LoginCase"/>
  <testcase name="test" time="0.086" classname="com.lemon.cases.RechargeCase"/>
  <testcase name="test" time="0.128" classname="com.lemon.cases.RechargeCase"/>
  <testcase name="test" time="0.112" classname="com.lemon.cases.RechargeCase"/>
  <testcase name="test" time="0.114" classname="com.lemon.cases.RechargeCase"/>
  <testcase name="test" time="0.604" classname="com.lemon.cases.RechargeCase"/>
  <testcase name="@AfterSuite finish" time="0.0" classname="com.lemon.cases.BaseCase">
    <ignored/>
  </testcase> <!-- @AfterSuite finish -->
  <testcase name="@AfterSuite finish" time="0.0" classname="com.lemon.cases.BaseCase">
    <ignored/>
  </testcase> <!-- @AfterSuite finish -->
  <testcase name="@BeforeSuite init" time="0.0" classname="com.lemon.cases.BaseCase">
    <ignored/>
  </testcase> <!-- @BeforeSuite init -->
  <testcase name="@BeforeSuite init" time="0.0" classname="com.lemon.cases.BaseCase">
    <ignored/>
  </testcase> <!-- @BeforeSuite init -->
</testsuite> <!-- 用户模块 -->
