<?xml version="1.0" encoding="UTF-8"?>
<testsuite xmlns:xsi="http://www.w3.org/2001/XMLSchema-instance" xsi:noNamespaceSchemaLocation="https://maven.apache.org/surefire/maven-surefire-plugin/xsd/surefire-test-report.xsd" name="TestSuite" time="14.782" tests="16" errors="0" skipped="0" failures="5">
  <properties>
[...]
</properties>
  <testcase name="test" classname="com.lemon.cases.RegisterCase" time="2.673"/>
  <testcase name="test" classname="com.lemon.cases.RegisterCase" time="0.113"/>
  <testcase name="test" classname="com.lemon.cases.RegisterCase" time="0.117"/>
  <testcase name="test" classname="com.lemon.cases.RegisterCase" time="0.157"/>
  <testcase name="test" classname="com.lemon.cases.RegisterCase" time="1.482">
    <failure message="expected [true] but found [false]" type="java.lang.AssertionError">java.lang.AssertionError: expected [true] but found [false]
	at com.lemon.cases.RegisterCase.test(RegisterCase.java:70)
</failure>
    <system-out><![CDATA[[INFO] 2020-04-16 20:49:21 method: com.lemon.utils.HttpUtils.printResponseAndReturnBody(HttpUtils.java:201)----响应头：[Server: nginx/1.4.2, Date: Thu, 16 Apr 2020 12:49:20 GMT, Content-Type: application/json;charset=UTF-8, Transfer-Encoding: chunked, Connection: keep-alive]
[INFO] 2020-04-16 20:49:21 method: com.lemon.utils.HttpUtils.printResponseAndReturnBody(HttpUtils.java:204)----响应体：{"code":2,"msg":"账号已存在","data":null,"copyright":"Copyright 柠檬班 © 2017-2019 湖南省零檬信息技术有限公司 All Rights Reserved"}
[INFO] 2020-04-16 20:49:21 method: com.lemon.utils.HttpUtils.printResponseAndReturnBody(HttpUtils.java:206)----状态码：200
断言响应结果:断言成功
数据库断言：false
]]></system-out>
  </testcase>
  <testcase name="test" classname="com.lemon.cases.RegisterCase" time="0.132"/>
  <testcase name="test" classname="com.lemon.cases.LoginCase" time="0.423">
    <failure message="expected [断言成功] but found [期望值：&quot;msg&quot;:&quot;手机号码为空&quot;不在响应体内。]" type="java.lang.AssertionError">java.lang.AssertionError: expected [断言成功] but found [期望值："msg":"手机号码为空"不在响应体内。]
	at com.lemon.cases.LoginCase.test(LoginCase.java:59)
</failure>
    <system-out><![CDATA[[INFO] 2020-04-16 20:49:21 method: com.lemon.utils.HttpUtils.printResponseAndReturnBody(HttpUtils.java:201)----响应头：[Server: nginx/1.4.2, Date: Thu, 16 Apr 2020 12:49:21 GMT, Content-Type: application/json;charset=UTF-8, Transfer-Encoding: chunked, Connection: keep-alive]
[INFO] 2020-04-16 20:49:21 method: com.lemon.utils.HttpUtils.printResponseAndReturnBody(HttpUtils.java:204)----响应体：{"code":2,"msg":"密码为空","data":null,"copyright":"Copyright 柠檬班 © 2017-2019 湖南省零檬信息技术有限公司 All Rights Reserved"}
[INFO] 2020-04-16 20:49:21 method: com.lemon.utils.HttpUtils.printResponseAndReturnBody(HttpUtils.java:206)----状态码：200
期望值："msg":"手机号码为空"不在响应体内。
断言响应结果:期望值："msg":"手机号码为空"不在响应体内。
]]></system-out>
  </testcase>
  <testcase name="test" classname="com.lemon.cases.LoginCase" time="0.121"/>
  <testcase name="test" classname="com.lemon.cases.LoginCase" time="0.249">
    <failure message="expected [断言成功] but found [期望值：&quot;code&quot;:0不在响应体内。]" type="java.lang.AssertionError">java.lang.AssertionError: expected [断言成功] but found [期望值："code":0不在响应体内。]
	at com.lemon.cases.LoginCase.test(LoginCase.java:59)
</failure>
    <system-out><![CDATA[[INFO] 2020-04-16 20:49:22 method: com.lemon.utils.HttpUtils.printResponseAndReturnBody(HttpUtils.java:201)----响应头：[Server: nginx/1.4.2, Date: Thu, 16 Apr 2020 12:49:22 GMT, Content-Type: application/json;charset=UTF-8, Transfer-Encoding: chunked, Connection: keep-alive]
[INFO] 2020-04-16 20:49:22 method: com.lemon.utils.HttpUtils.printResponseAndReturnBody(HttpUtils.java:204)----响应体：{"code":1001,"msg":"账号信息错误","data":null,"copyright":"Copyright 柠檬班 © 2017-2019 湖南省零檬信息技术有限公司 All Rights Reserved"}
[INFO] 2020-04-16 20:49:22 method: com.lemon.utils.HttpUtils.printResponseAndReturnBody(HttpUtils.java:206)----状态码：200
期望值："code":0不在响应体内。
断言响应结果:期望值："code":0不在响应体内。
]]></system-out>
  </testcase>
  <testcase name="test" classname="com.lemon.cases.LoginCase" time="0.269">
    <failure message="expected [断言成功] but found [期望值：&quot;code&quot;:0不在响应体内。]" type="java.lang.AssertionError">java.lang.AssertionError: expected [断言成功] but found [期望值："code":0不在响应体内。]
	at com.lemon.cases.LoginCase.test(LoginCase.java:59)
</failure>
    <system-out><![CDATA[[INFO] 2020-04-16 20:49:22 method: com.lemon.utils.HttpUtils.printResponseAndReturnBody(HttpUtils.java:201)----响应头：[Server: nginx/1.4.2, Date: Thu, 16 Apr 2020 12:49:22 GMT, Content-Type: application/json;charset=UTF-8, Transfer-Encoding: chunked, Connection: keep-alive]
[INFO] 2020-04-16 20:49:22 method: com.lemon.utils.HttpUtils.printResponseAndReturnBody(HttpUtils.java:204)----响应体：{"code":1001,"msg":"账号信息错误","data":null,"copyright":"Copyright 柠檬班 © 2017-2019 湖南省零檬信息技术有限公司 All Rights Reserved"}
[INFO] 2020-04-16 20:49:22 method: com.lemon.utils.HttpUtils.printResponseAndReturnBody(HttpUtils.java:206)----状态码：200
期望值："code":0不在响应体内。
断言响应结果:期望值："code":0不在响应体内。
]]></system-out>
  </testcase>
  <testcase name="test" classname="com.lemon.cases.LoginCase" time="0.295"/>
  <testcase name="test" classname="com.lemon.cases.RechargeCase" time="0.158"/>
  <testcase name="test" classname="com.lemon.cases.RechargeCase" time="0.098"/>
  <testcase name="test" classname="com.lemon.cases.RechargeCase" time="0.108"/>
  <testcase name="test" classname="com.lemon.cases.RechargeCase" time="0.1"/>
  <testcase name="test" classname="com.lemon.cases.RechargeCase" time="0.624">
    <failure message="expected [断言成功] but found [期望值：{&quot;code&quot;:0,&quot;msg&quot;:&quot;OK&quot;,&quot;data&quot;:{&quot;id&quot;:631,&quot;leave_amount&quot;:56750.0,&quot;mobile_phone&quot;:&quot;18900000000&quot;,&quot;reg_name&quot;:&quot;hehe&quot;,&quot;reg_time&quot;:&quot;2019-10-20 21:46:06.0&quot;,&quot;type&quot;:1},&quot;copyright&quot;:&quot;Copyright 柠檬班 © 2017-2019 湖南省零檬信息技术有限公司 All Rights Reserved&quot;}不在响应体内。]" type="java.lang.AssertionError">java.lang.AssertionError: expected [断言成功] but found [期望值：{"code":0,"msg":"OK","data":{"id":631,"leave_amount":56750.0,"mobile_phone":"18900000000","reg_name":"hehe","reg_time":"2019-10-20 21:46:06.0","type":1},"copyright":"Copyright 柠檬班 © 2017-2019 湖南省零檬信息技术有限公司 All Rights Reserved"}不在响应体内。]
	at com.lemon.cases.RechargeCase.test(RechargeCase.java:66)
</failure>
    <system-out><![CDATA[{${amount}=6300.99, ${token}=eyJhbGciOiJIUzUxMiJ9.eyJtZW1iZXJfaWQiOjgwMzM4ODgsImV4cCI6MTU4NzA0MTY2Mn0.RmWaEPc7fJZSByRKqRhd6obxQwbFlfUBWPQLw5ZahiNXE8moO83Wqa70OKDUgpoVGHDNaUcv5Jk7nYmRk1GGRA, ${member_id}=8033888, ${login_mobilephone}=13222222112, ${register_mobilephone}=13222222112, ${register_password}=12345678, ${login_password}=12345678}
[INFO] 2020-04-16 20:49:23 method: com.lemon.utils.HttpUtils.printResponseAndReturnBody(HttpUtils.java:201)----响应头：[Server: nginx/1.4.2, Date: Thu, 16 Apr 2020 12:49:23 GMT, Content-Type: application/json;charset=UTF-8, Transfer-Encoding: chunked, Connection: keep-alive]
[INFO] 2020-04-16 20:49:23 method: com.lemon.utils.HttpUtils.printResponseAndReturnBody(HttpUtils.java:204)----响应体：{"code":0,"msg":"OK","data":{"id":8033888,"leave_amount":1031505.95,"mobile_phone":"13222222112","reg_name":"小柠檬","reg_time":"2020-04-14 21:44:42.0","type":1},"copyright":"Copyright 柠檬班 © 2017-2019 湖南省零檬信息技术有限公司 All Rights Reserved"}
[INFO] 2020-04-16 20:49:23 method: com.lemon.utils.HttpUtils.printResponseAndReturnBody(HttpUtils.java:206)----状态码：200
期望值：{"code":0,"msg":"OK","data":{"id":631,"leave_amount":56750.0,"mobile_phone":"18900000000","reg_name":"hehe","reg_time":"2019-10-20 21:46:06.0","type":1},"copyright":"Copyright 柠檬班 © 2017-2019 湖南省零檬信息技术有限公司 All Rights Reserved"}不在响应体内。
断言响应结果:期望值：{"code":0,"msg":"OK","data":{"id":631,"leave_amount":56750.0,"mobile_phone":"18900000000","reg_name":"hehe","reg_time":"2019-10-20 21:46:06.0","type":1},"copyright":"Copyright 柠檬班 © 2017-2019 湖南省零檬信息技术有限公司 All Rights Reserved"}不在响应体内。
6300.99
6300.99
数据库断言：true
]]></system-out>
  </testcase>
</testsuite>