<?xml version="1.0" encoding="UTF-8"?>
<testng-results skipped="0" failed="0" ignored="4" total="20" passed="16">
  <reporter-output>
  </reporter-output>
  <suite name="xxx项目" duration-ms="5658" started-at="2020-04-14T14:13:59Z" finished-at="2020-04-14T14:14:05Z">
    <groups>
    </groups>
    <test name="用户模块" duration-ms="5658" started-at="2020-04-14T14:13:59Z" finished-at="2020-04-14T14:14:05Z">
      <class name="com.lemon.cases.LoginCase">
        <test-method status="PASS" signature="test(com.lemon.pojo.API, com.lemon.pojo.Case)[pri:0, instance:com.lemon.cases.LoginCase@2038ae61]" name="test" duration-ms="267" started-at="2020-04-14T22:14:03Z" data-provider="datas" finished-at="2020-04-14T22:14:03Z">
          <params>
            <param index="0">
              <value>
                <![CDATA[API [id=2, name=login, method=post, url=http://api.lemonban.com/futureloan/member/login, contentType=json]]]>
              </value>
            </param>
            <param index="1">
              <value>
                <![CDATA[Case [id=7, desc=传手机号，不传密码, params={"mobile_phone":"18900000000","pwd":""}, apiId=2, expect="code":2@@"msg":"手机号码为空", sql=null]]]>
              </value>
            </param>
          </params>
          <reporter-output>
          </reporter-output>
        </test-method> <!-- test -->
        <test-method status="PASS" signature="test(com.lemon.pojo.API, com.lemon.pojo.Case)[pri:0, instance:com.lemon.cases.LoginCase@2038ae61]" name="test" duration-ms="95" started-at="2020-04-14T22:14:03Z" data-provider="datas" finished-at="2020-04-14T22:14:03Z">
          <params>
            <param index="0">
              <value>
                <![CDATA[API [id=2, name=login, method=post, url=http://api.lemonban.com/futureloan/member/login, contentType=json]]]>
              </value>
            </param>
            <param index="1">
              <value>
                <![CDATA[Case [id=8, desc=不传手机号，传密码, params={"mobile_phone":"","pwd":"12345678"}, apiId=2, expect="code":2@@"msg":"手机号码为空"@@"data":null, sql=null]]]>
              </value>
            </param>
          </params>
          <reporter-output>
          </reporter-output>
        </test-method> <!-- test -->
        <test-method status="PASS" signature="test(com.lemon.pojo.API, com.lemon.pojo.Case)[pri:0, instance:com.lemon.cases.LoginCase@2038ae61]" name="test" duration-ms="271" started-at="2020-04-14T22:14:03Z" data-provider="datas" finished-at="2020-04-14T22:14:03Z">
          <params>
            <param index="0">
              <value>
                <![CDATA[API [id=2, name=login, method=post, url=http://api.lemonban.com/futureloan/member/login, contentType=json]]]>
              </value>
            </param>
            <param index="1">
              <value>
                <![CDATA[Case [id=9, desc=未注册过的手机号, params={"mobile_phone":"18901110001","pwd":"12345678"}, apiId=2, expect="code":0@@"msg":"OK", sql=null]]]>
              </value>
            </param>
          </params>
          <reporter-output>
          </reporter-output>
        </test-method> <!-- test -->
        <test-method status="PASS" signature="test(com.lemon.pojo.API, com.lemon.pojo.Case)[pri:0, instance:com.lemon.cases.LoginCase@2038ae61]" name="test" duration-ms="280" started-at="2020-04-14T22:14:03Z" data-provider="datas" finished-at="2020-04-14T22:14:04Z">
          <params>
            <param index="0">
              <value>
                <![CDATA[API [id=2, name=login, method=post, url=http://api.lemonban.com/futureloan/member/login, contentType=json]]]>
              </value>
            </param>
            <param index="1">
              <value>
                <![CDATA[Case [id=10, desc=不满足条件的密码, params={"mobile_phone":"18900000000","pwd":"12345"}, apiId=2, expect="code":0@@"msg":"OK", sql=null]]]>
              </value>
            </param>
          </params>
          <reporter-output>
          </reporter-output>
        </test-method> <!-- test -->
        <test-method status="PASS" signature="test(com.lemon.pojo.API, com.lemon.pojo.Case)[pri:0, instance:com.lemon.cases.LoginCase@2038ae61]" name="test" duration-ms="277" started-at="2020-04-14T22:14:04Z" data-provider="datas" finished-at="2020-04-14T22:14:04Z">
          <params>
            <param index="0">
              <value>
                <![CDATA[API [id=2, name=login, method=post, url=http://api.lemonban.com/futureloan/member/login, contentType=json]]]>
              </value>
            </param>
            <param index="1">
              <value>
                <![CDATA[Case [id=11, desc=已注册的账号, params={"mobile_phone":"13222222112","pwd":"12345678"}, apiId=2, expect="code":0@@"msg":"OK", sql=null]]]>
              </value>
            </param>
          </params>
          <reporter-output>
          </reporter-output>
        </test-method> <!-- test -->
      </class> <!-- com.lemon.cases.LoginCase -->
      <class name="com.lemon.cases.RechargeCase">
        <test-method status="PASS" signature="test(com.lemon.pojo.API, com.lemon.pojo.Case)[pri:0, instance:com.lemon.cases.RechargeCase@3c0f93f1]" name="test" duration-ms="86" started-at="2020-04-14T22:14:04Z" data-provider="datas" finished-at="2020-04-14T22:14:04Z">
          <params>
            <param index="0">
              <value>
                <![CDATA[API [id=3, name=recharge, method=post, url=http://api.lemonban.com/futureloan/member/recharge, contentType=json]]]>
              </value>
            </param>
            <param index="1">
              <value>
                <![CDATA[Case [id=12, desc=非当前账号id, params={"member_id":"-1","amount":"6300"}, apiId=3, expect={"code":1007,"msg":"无权限访问，请检查参数","data":null,"copyright":"Copyright 柠檬班 © 2017-2019 湖南省零檬信息技术有限公司 All Rights Reserved"}, sql=null]]]>
              </value>
            </param>
          </params>
          <reporter-output>
          </reporter-output>
        </test-method> <!-- test -->
        <test-method status="PASS" signature="test(com.lemon.pojo.API, com.lemon.pojo.Case)[pri:0, instance:com.lemon.cases.RechargeCase@3c0f93f1]" name="test" duration-ms="128" started-at="2020-04-14T22:14:04Z" data-provider="datas" finished-at="2020-04-14T22:14:04Z">
          <params>
            <param index="0">
              <value>
                <![CDATA[API [id=3, name=recharge, method=post, url=http://api.lemonban.com/futureloan/member/recharge, contentType=json]]]>
              </value>
            </param>
            <param index="1">
              <value>
                <![CDATA[Case [id=13, desc=超过50万, params={"member_id":"8033888","amount":"1116300"}, apiId=3, expect={"code":2,"msg":"余额必须大于0并且小于或者等于500000","data":null,"copyright":"Copyright 柠檬班 © 2017-2019 湖南省零檬信息技术有限公司 All Rights Reserved"}, sql=null]]]>
              </value>
            </param>
          </params>
          <reporter-output>
          </reporter-output>
        </test-method> <!-- test -->
        <test-method status="PASS" signature="test(com.lemon.pojo.API, com.lemon.pojo.Case)[pri:0, instance:com.lemon.cases.RechargeCase@3c0f93f1]" name="test" duration-ms="112" started-at="2020-04-14T22:14:04Z" data-provider="datas" finished-at="2020-04-14T22:14:04Z">
          <params>
            <param index="0">
              <value>
                <![CDATA[API [id=3, name=recharge, method=post, url=http://api.lemonban.com/futureloan/member/recharge, contentType=json]]]>
              </value>
            </param>
            <param index="1">
              <value>
                <![CDATA[Case [id=14, desc=负数, params={"member_id":"8033888","amount":"-6300"}, apiId=3, expect={"code":2,"msg":"余额必须大于0并且小于或者等于500000","data":null,"copyright":"Copyright 柠檬班 © 2017-2019 湖南省零檬信息技术有限公司 All Rights Reserved"}, sql=null]]]>
              </value>
            </param>
          </params>
          <reporter-output>
          </reporter-output>
        </test-method> <!-- test -->
        <test-method status="PASS" signature="test(com.lemon.pojo.API, com.lemon.pojo.Case)[pri:0, instance:com.lemon.cases.RechargeCase@3c0f93f1]" name="test" duration-ms="114" started-at="2020-04-14T22:14:04Z" data-provider="datas" finished-at="2020-04-14T22:14:04Z">
          <params>
            <param index="0">
              <value>
                <![CDATA[API [id=3, name=recharge, method=post, url=http://api.lemonban.com/futureloan/member/recharge, contentType=json]]]>
              </value>
            </param>
            <param index="1">
              <value>
                <![CDATA[Case [id=15, desc=非数字, params={"member_id":"8033888","amount":"SSS"}, apiId=3, expect={"code":2,"msg":"数字格式化异常","data":null,"copyright":"Copyright 柠檬班 © 2017-2019 湖南省零檬信息技术有限公司 All Rights Reserved"}, sql=null]]]>
              </value>
            </param>
          </params>
          <reporter-output>
          </reporter-output>
        </test-method> <!-- test -->
        <test-method status="PASS" signature="test(com.lemon.pojo.API, com.lemon.pojo.Case)[pri:0, instance:com.lemon.cases.RechargeCase@3c0f93f1]" name="test" duration-ms="604" started-at="2020-04-14T22:14:04Z" data-provider="datas" finished-at="2020-04-14T22:14:05Z">
          <params>
            <param index="0">
              <value>
                <![CDATA[API [id=3, name=recharge, method=post, url=http://api.lemonban.com/futureloan/member/recharge, contentType=json]]]>
              </value>
            </param>
            <param index="1">
              <value>
                <![CDATA[Case [id=16, desc=正确用例, params={"member_id":"8033888","amount":"6300.99"}, apiId=3, expect={"code":0,"msg":"OK","data":{"id":631,"leave_amount":56750.0,"mobile_phone":"18900000000","reg_name":"hehe","reg_time":"2019-10-20 21:46:06.0","type":1},"copyright":"Copyright 柠檬班 © 2017-2019 湖南省零檬信息技术有限公司 All Rights Reserved"}, sql=select leave_amount from member a where a.id = '8033888';]]]>
              </value>
            </param>
          </params>
          <reporter-output>
          </reporter-output>
        </test-method> <!-- test -->
      </class> <!-- com.lemon.cases.RechargeCase -->
      <class name="com.lemon.cases.RegisterCase">
        <test-method status="PASS" signature="init()[pri:0, instance:com.lemon.cases.RegisterCase@60c6f5b]" name="init" is-config="true" duration-ms="1293" started-at="2020-04-14T22:13:58Z" finished-at="2020-04-14T22:13:59Z">
          <reporter-output>
          </reporter-output>
        </test-method> <!-- init -->
        <test-method status="PASS" signature="test(com.lemon.pojo.API, com.lemon.pojo.Case)[pri:0, instance:com.lemon.cases.RegisterCase@60c6f5b]" name="test" duration-ms="1595" started-at="2020-04-14T22:13:59Z" data-provider="datas" finished-at="2020-04-14T22:14:01Z">
          <params>
            <param index="0">
              <value>
                <![CDATA[API [id=1, name=register, method=post, url=http://api.lemonban.com/futureloan/member/register, contentType=json]]]>
              </value>
            </param>
            <param index="1">
              <value>
                <![CDATA[Case [id=1, desc=传手机号,不传密码, params={"mobile_phone":"19000000000","pwd":""}, apiId=1, expect={"code":1,"msg":"密码为空","data":null,"copyright":"Copyright 柠檬班 © 2017-2019 湖南省零檬信息技术有限公司 All Rights Reserved"}, sql=null]]]>
              </value>
            </param>
          </params>
          <reporter-output>
          </reporter-output>
        </test-method> <!-- test -->
        <test-method status="PASS" signature="test(com.lemon.pojo.API, com.lemon.pojo.Case)[pri:0, instance:com.lemon.cases.RegisterCase@60c6f5b]" name="test" duration-ms="101" started-at="2020-04-14T22:14:01Z" data-provider="datas" finished-at="2020-04-14T22:14:01Z">
          <params>
            <param index="0">
              <value>
                <![CDATA[API [id=1, name=register, method=post, url=http://api.lemonban.com/futureloan/member/register, contentType=json]]]>
              </value>
            </param>
            <param index="1">
              <value>
                <![CDATA[Case [id=2, desc=不传手机号，传密码, params={"mobile_phone":"","pwd":"123456"}, apiId=1, expect={"code":1,"msg":"手机号为空","data":null,"copyright":"Copyright 柠檬班 © 2017-2019 湖南省零檬信息技术有限公司 All Rights Reserved"}, sql=null]]]>
              </value>
            </param>
          </params>
          <reporter-output>
          </reporter-output>
        </test-method> <!-- test -->
        <test-method status="PASS" signature="test(com.lemon.pojo.API, com.lemon.pojo.Case)[pri:0, instance:com.lemon.cases.RegisterCase@60c6f5b]" name="test" duration-ms="115" started-at="2020-04-14T22:14:01Z" data-provider="datas" finished-at="2020-04-14T22:14:01Z">
          <params>
            <param index="0">
              <value>
                <![CDATA[API [id=1, name=register, method=post, url=http://api.lemonban.com/futureloan/member/register, contentType=json]]]>
              </value>
            </param>
            <param index="1">
              <value>
                <![CDATA[Case [id=3, desc=不合格的手机号, params={"mobile_phone":"123","pwd":"12345678"}, apiId=1, expect={"code":2,"msg":"无效的手机格式","data":null,"copyright":"Copyright 柠檬班 © 2017-2019 湖南省零檬信息技术有限公司 All Rights Reserved"}, sql=null]]]>
              </value>
            </param>
          </params>
          <reporter-output>
          </reporter-output>
        </test-method> <!-- test -->
        <test-method status="PASS" signature="test(com.lemon.pojo.API, com.lemon.pojo.Case)[pri:0, instance:com.lemon.cases.RegisterCase@60c6f5b]" name="test" duration-ms="110" started-at="2020-04-14T22:14:01Z" data-provider="datas" finished-at="2020-04-14T22:14:01Z">
          <params>
            <param index="0">
              <value>
                <![CDATA[API [id=1, name=register, method=post, url=http://api.lemonban.com/futureloan/member/register, contentType=json]]]>
              </value>
            </param>
            <param index="1">
              <value>
                <![CDATA[Case [id=4, desc=合格的手机号+不合格密码, params={"mobile_phone":"19000000000","pwd":"12345"}, apiId=1, expect={"code":2,"msg":"密码格式为8到16位","data":null,"copyright":"Copyright 柠檬班 © 2017-2019 湖南省零檬信息技术有限公司 All Rights Reserved"}, sql=null]]]>
              </value>
            </param>
          </params>
          <reporter-output>
          </reporter-output>
        </test-method> <!-- test -->
        <test-method status="PASS" signature="test(com.lemon.pojo.API, com.lemon.pojo.Case)[pri:0, instance:com.lemon.cases.RegisterCase@60c6f5b]" name="test" duration-ms="1331" started-at="2020-04-14T22:14:01Z" data-provider="datas" finished-at="2020-04-14T22:14:03Z">
          <params>
            <param index="0">
              <value>
                <![CDATA[API [id=1, name=register, method=post, url=http://api.lemonban.com/futureloan/member/register, contentType=json]]]>
              </value>
            </param>
            <param index="1">
              <value>
                <![CDATA[Case [id=5, desc=合格手机号+合格密码, params={"mobile_phone":"13222222112","pwd":"12345678"}, apiId=1, expect={"code":2,"msg":"账号已存在","data":null,"copyright":"Copyright 柠檬班 © 2017-2019 湖南省零檬信息技术有限公司 All Rights Reserved"}, sql=select count(*) from member where mobile_phone = '13222222112']]]>
              </value>
            </param>
          </params>
          <reporter-output>
          </reporter-output>
        </test-method> <!-- test -->
        <test-method status="PASS" signature="test(com.lemon.pojo.API, com.lemon.pojo.Case)[pri:0, instance:com.lemon.cases.RegisterCase@60c6f5b]" name="test" duration-ms="111" started-at="2020-04-14T22:14:03Z" data-provider="datas" finished-at="2020-04-14T22:14:03Z">
          <params>
            <param index="0">
              <value>
                <![CDATA[API [id=1, name=register, method=post, url=http://api.lemonban.com/futureloan/member/register, contentType=json]]]>
              </value>
            </param>
            <param index="1">
              <value>
                <![CDATA[Case [id=6, desc=重复以上的手机号+密码, params={"mobile_phone":"13222222112","pwd":"12345678"}, apiId=1, expect={"code":2,"msg":"账号已存在","data":null,"copyright":"Copyright 柠檬班 © 2017-2019 湖南省零檬信息技术有限公司 All Rights Reserved"}, sql=null]]]>
              </value>
            </param>
          </params>
          <reporter-output>
          </reporter-output>
        </test-method> <!-- test -->
        <test-method status="PASS" signature="finish()[pri:0, instance:com.lemon.cases.RegisterCase@60c6f5b]" name="finish" is-config="true" duration-ms="382" started-at="2020-04-14T22:14:05Z" finished-at="2020-04-14T22:14:05Z">
          <reporter-output>
          </reporter-output>
        </test-method> <!-- finish -->
      </class> <!-- com.lemon.cases.RegisterCase -->
    </test> <!-- 用户模块 -->
  </suite> <!-- xxx项目 -->
</testng-results>
