<?xml version="1.0" encoding="UTF-8"?>
<!-- Generated by org.testng.reporters.JUnitXMLReporter -->
<testsuite hostname="muji-pc" ignored="4" name="用户模块" tests="16" failures="5" timestamp="16 四月 2020 12:49:24 GMT" time="7.416" errors="0">
  <testcase name="test" time="2.574" classname="com.lemon.cases.RegisterCase"/>
  <testcase name="test" time="0.117" classname="com.lemon.cases.RegisterCase"/>
  <testcase name="test" time="0.132" classname="com.lemon.cases.RegisterCase"/>
  <testcase name="test" time="0.105" classname="com.lemon.cases.RegisterCase"/>
  <testcase name="test" time="1.489" classname="com.lemon.cases.RegisterCase">
    <failure type="java.lang.AssertionError" message="expected [true] but found [false]">
      <![CDATA[java.lang.AssertionError: expected [true] but found [false]
	at com.lemon.cases.RegisterCase.test(RegisterCase.java:70)
... Removed 35 stack frames]]>
    </failure>
  </testcase> <!-- test -->
  <testcase name="test" time="0.148" classname="com.lemon.cases.RegisterCase"/>
  <testcase name="test" time="0.433" classname="com.lemon.cases.LoginCase">
    <failure type="java.lang.AssertionError" message="expected [断言成功] but found [期望值：&amp;quot;msg&amp;quot;:&amp;quot;手机号码为空&amp;quot;不在响应体内。]">
      <![CDATA[java.lang.AssertionError: expected [断言成功] but found [期望值："msg":"手机号码为空"不在响应体内。]
	at com.lemon.cases.LoginCase.test(LoginCase.java:59)
... Removed 35 stack frames]]>
    </failure>
  </testcase> <!-- test -->
  <testcase name="test" time="0.099" classname="com.lemon.cases.LoginCase"/>
  <testcase name="test" time="0.265" classname="com.lemon.cases.LoginCase">
    <failure type="java.lang.AssertionError" message="expected [断言成功] but found [期望值：&amp;quot;code&amp;quot;:0不在响应体内。]">
      <![CDATA[java.lang.AssertionError: expected [断言成功] but found [期望值："code":0不在响应体内。]
	at com.lemon.cases.LoginCase.test(LoginCase.java:59)
... Removed 35 stack frames]]>
    </failure>
  </testcase> <!-- test -->
  <testcase name="test" time="0.282" classname="com.lemon.cases.LoginCase">
    <failure type="java.lang.AssertionError" message="expected [断言成功] but found [期望值：&amp;quot;code&amp;quot;:0不在响应体内。]">
      <![CDATA[java.lang.AssertionError: expected [断言成功] but found [期望值："code":0不在响应体内。]
	at com.lemon.cases.LoginCase.test(LoginCase.java:59)
... Removed 35 stack frames]]>
    </failure>
  </testcase> <!-- test -->
  <testcase name="test" time="0.293" classname="com.lemon.cases.LoginCase"/>
  <testcase name="test" time="0.089" classname="com.lemon.cases.RechargeCase"/>
  <testcase name="test" time="0.123" classname="com.lemon.cases.RechargeCase"/>
  <testcase name="test" time="0.108" classname="com.lemon.cases.RechargeCase"/>
  <testcase name="test" time="0.101" classname="com.lemon.cases.RechargeCase"/>
  <testcase name="test" time="0.62" classname="com.lemon.cases.RechargeCase">
    <failure type="java.lang.AssertionError" message="expected [断言成功] but found [期望值：{&amp;quot;code&amp;quot;:0,&amp;quot;msg&amp;quot;:&amp;quot;OK&amp;quot;,&amp;quot;data&amp;quot;:{&amp;quot;id&amp;quot;:631,&amp;quot;leave_amount&amp;quot;:56750.0,&amp;quot;mobile_phone&amp;quot;:&amp;quot;18900000000&amp;quot;,&amp;quot;reg_name&amp;quot;:&amp;quot;hehe&amp;quot;,&amp;quot;reg_time&amp;quot;:&amp;quot;2019-10-20 21:46:06.0&amp;quot;,&amp;quot;type&amp;quot;:1},&amp;quot;copyright&amp;quot;:&amp;quot;Copyright 柠檬班 © 2017-2019 湖南省零檬信息技术有限公司 All Rights Reserved&amp;quot;}不在响应体内。]">
      <![CDATA[java.lang.AssertionError: expected [断言成功] but found [期望值：{"code":0,"msg":"OK","data":{"id":631,"leave_amount":56750.0,"mobile_phone":"18900000000","reg_name":"hehe","reg_time":"2019-10-20 21:46:06.0","type":1},"copyright":"Copyright 柠檬班 © 2017-2019 湖南省零檬信息技术有限公司 All Rights Reserved"}不在响应体内。]
	at com.lemon.cases.RechargeCase.test(RechargeCase.java:66)
... Removed 35 stack frames]]>
    </failure>
  </testcase> <!-- test -->
  <testcase name="@AfterSuite finish" time="0.0" classname="com.lemon.cases.BaseCase">
    <ignored/>
  </testcase> <!-- @AfterSuite finish -->
  <testcase name="@AfterSuite finish" time="0.0" classname="com.lemon.cases.BaseCase">
    <ignored/>
  </testcase> <!-- @AfterSuite finish -->
  <testcase name="@BeforeSuite init" time="0.0" classname="com.lemon.cases.BaseCase">
    <ignored/>
  </testcase> <!-- @BeforeSuite init -->
  <testcase name="@BeforeSuite init" time="0.0" classname="com.lemon.cases.BaseCase">
    <ignored/>
  </testcase> <!-- @BeforeSuite init -->
</testsuite> <!-- 用户模块 -->
